<?xml version="1.0" encoding="UTF-8"?>
<!-- Generated by org.testng.reporters.JUnitReportReporter -->
<testsuite hostname="JINT6" name="testcases.one.Login" tests="2" failures="0" timestamp="20 Jan 2017 06:56:12 GMT" time="22.830" errors="0">
  <testcase name="testLogin" time="9.682" classname="testcases.one.Login"/>
  <testcase name="testLogin" time="13.148" classname="testcases.one.Login"/>
</testsuite> <!-- testcases.one.Login -->
