<?xml version="1.0" encoding="UTF-8"?>
<!-- Generated by org.testng.reporters.JUnitReportReporter -->
<testsuite hostname="jintingtingdeMacBook-Pro.local" name="me.ele.opensite.pages.checkout.CheckOut" tests="4" failures="0" timestamp="5 Dec 2017 10:18:26 GMT" time="87.310" errors="0">
  <testcase name="testCheckOut" time="25.844" classname="me.ele.opensite.pages.checkout.CheckOut"/>
  <testcase name="testCheckOut" time="20.396" classname="me.ele.opensite.pages.checkout.CheckOut"/>
  <testcase name="testCheckOut" time="19.777" classname="me.ele.opensite.pages.checkout.CheckOut"/>
  <testcase name="testCheckOut" time="21.293" classname="me.ele.opensite.pages.checkout.CheckOut"/>
</testsuite> <!-- me.ele.opensite.pages.checkout.CheckOut -->
