<?xml version="1.0" encoding="UTF-8"?>
<!-- Generated by org.testng.reporters.JUnitReportReporter -->
<testsuite hostname="jintingtingdeMacBook-Pro.local" name="me.ele.opensite.pages.checkout.CheckOut" tests="1" failures="0" timestamp="15 Nov 2017 09:24:18 GMT" time="28.544" errors="0">
  <testcase name="testCheckOut" time="28.544" classname="me.ele.opensite.pages.checkout.CheckOut"/>
</testsuite> <!-- me.ele.opensite.pagess.checkout.CheckOut -->
